--2023-02-25 19:53:3--2023-02-25 19:53:35--  https://climate.weather.gc.ca/climate_data/bulk_data_e.html?format=csv&stationID=48549&Year=2020&Month=2&Day=14&timeframe=1&submResolving climate.weResolving climate.weather.gc.ca (climat205.189.10.46
Connecting to climatConnecting to climate.weather.gc.ca (climate.weather.gc.ca)|20connected.
HTTP request sent, aHTTP request sent, a200 OK
Length: unspecified Length: unspecified [applicatSaving to: ‘/UsersSaving to: ‘/Users/apple/Desktop/DataEngineeringBootCamp/1-Linux/MiniProject/Toronto-Climate-Data-DE/input/en_climate_hourly_ON_6158359
     0K .......... .......... .......... .......... ..........  669K
    50K .......... .......... .......... .......... .......... 1.44M
   100K .......... .......... .......                          2.83M=0.1s

2023-02-25 19:53:36 2023-02-25 19:53:36 (1.06 MB/s) - ‘/Users/apple/Desktop/DataEngineeringBootCamp/1-Linux/MiniProject/Toronto-Climate-Data-DE/input/en_climate_hourly_ON_6158359_02-2020_P1H.csv--2023-02-25 19:53:3--2023-02-25 19:53:36--  https://climate.weather.gc.ca/climate_data/bulk_data_e.html?format=csv&stationID=48549&Year=2021&Month=2&Day=14&timeframe=1&submResolving climate.weResolving climate.weather.gc.ca (climat205.189.10.46
Connecting to climatConnecting to climate.weather.gc.ca (climate.weather.gc.ca)|20connected.
HTTP request sent, aHTTP request sent, a200 OK
Length: unspecified Length: unspecified [applicatSaving to: ‘/UsersSaving to: ‘/Users/apple/Desktop/DataEngineeringBootCamp/1-Linux/MiniProject/Toronto-Climate-Data-DE/input/en_climate_hourly_ON_6158359
     0K .......... .......... .......... .......... ..........  370K
    50K .......... .......... .......... .......... .......... 1.42M
   100K .......... .......... ...                              24.2M=0.2s

2023-02-25 19:53:37 2023-02-25 19:53:37 (725 KB/s) - ‘/Users/apple/Desktop/DataEngineeringBootCamp/1-Linux/MiniProject/Toronto-Climate-Data-DE/input/en_climate_hourly_ON_6158359_02-2021_P1H.csv--2023-02-25 19:53:3--2023-02-25 19:53:37--  https://climate.weather.gc.ca/climate_data/bulk_data_e.html?format=csv&stationID=48549&Year=2022&Month=2&Day=14&timeframe=1&submResolving climate.weResolving climate.weather.gc.ca (climat205.189.10.46
Connec205.189.10.46
Connecting to climate.weather.gc.ca (climate.weather.gc.ca)|20connected.
HTTP request sent, aHTTP request sent, a200 OK
Length: unspecified Length: unspecified [applicatSaving to: ‘/UsersSaving to: ‘/Users/apple/Desktop/DataEngineeringBootCamp/1-Linux/MiniProject/Toronto-Climate-Data-DE/input/en_climate_hourly_ON_6158359
     0K .......... .......... .......... .......... ..........  512K
    50K ..... .... .......... .......... .......... .......... 1.23M
   100K .......... .......... ...                              31.2M=0.1s

2023-02-25 19:53:38 2023-02-25 19:53:38 (894 KB/s) - ‘/Users/apple/Desktop/DataEngineeringBootCamp/1-Linux/MiniProject/Toronto-Climate-Data-DE/input/en_climate_hourly_ON_6158359_02-2022_P1H.csv’ saved [126636]

Install necessary Python Libraries
Installing dependencies from Pipfile.lock (834057)...
To activate this project's virtualenv, run pipenv shell.
Alternatively, run a command inside the virtualenv with pipenv run.
Start to run Python Script
are the count equal? 2040 2040
PROGRAM SUCCEEDED
